<?xml version="1.0" encoding="UTF-8"?>
<!-- Generated by org.testng.reporters.JUnitReportReporter -->
<testsuite hostname="DESKTOP-0H66KAI" failures="0" tests="4" name="automationexcercise.AddToCart" time="13.817" errors="0" timestamp="2025-03-27T10:55:03 IST" skipped="0">
  <testcase classname="automationexcercise.AddToCart" name="setUp" time="5.364"/>
  <testcase classname="automationexcercise.AddToCart" name="testproductsText" time="4.367"/>
  <testcase classname="automationexcercise.AddToCart" name="addProductFromHomePage" time="3.602"/>
  <testcase classname="automationexcercise.AddToCart" name="pricevalidation" time="0.484"/>
</testsuite> <!-- automationexcercise.AddToCart -->
