<?xml version="1.0" encoding="UTF-8"?>
<!-- Generated by org.testng.reporters.JUnitReportReporter -->
<testsuite hostname="DESKTOP-0H66KAI" failures="0" tests="2" name="com.temp_testng" time="6.779" errors="0" timestamp="2025-03-24T23:31:52 IST" skipped="0">
  <testcase classname="com.temp_testng" name="launch" time="0.007"/>
  <testcase classname="com.temp_testng" name="StartBrowserAndOpenURL" time="6.772"/>
</testsuite> <!-- com.temp_testng -->
