<?xml version="1.0" encoding="UTF-8"?>
<!-- Generated by org.testng.reporters.JUnitReportReporter -->
<testsuite hostname="DESKTOP-0H66KAI" failures="0" tests="4" name="automationexcercise.ProductSearch" time="15.853" errors="0" timestamp="2025-03-27T01:31:17 IST" skipped="0">
  <testcase classname="automationexcercise.ProductSearch" name="setUp" time="5.099"/>
  <testcase classname="automationexcercise.ProductSearch" name="testproducts" time="3.784"/>
  <testcase classname="automationexcercise.ProductSearch" name="testProductSearch" time="2.520"/>
  <testcase classname="automationexcercise.ProductSearch" name="testFilterByCategoryAndBrand" time="4.450"/>
</testsuite> <!-- automationexcercise.ProductSearch -->
