<?xml version="1.0" encoding="UTF-8"?>
<!-- Generated by org.testng.reporters.JUnitReportReporter -->
<testsuite hostname="DESKTOP-0H66KAI" failures="0" tests="1" name="automationexcercise.ContactUsForm" time="9.079" errors="0" timestamp="2025-03-27T11:12:48 IST" skipped="0">
  <testcase classname="automationexcercise.ContactUsForm" name="setUp" time="9.079"/>
</testsuite> <!-- automationexcercise.ContactUsForm -->
