<?xml version="1.0" encoding="UTF-8"?>
<!-- Generated by org.testng.reporters.JUnitReportReporter -->
<testsuite hostname="DESKTOP-0H66KAI" failures="0" tests="9" name="automationexcercise.HomePage_TC" time="82.161" errors="0" timestamp="2025-03-26T20:24:56 IST" skipped="0">
  <testcase classname="automationexcercise.HomePage_TC" name="LogoVerification" time="1.334"/>
  <testcase classname="automationexcercise.HomePage_TC" name="homePageTitleVerification" time="4.526"/>
  <testcase classname="automationexcercise.HomePage_TC" name="productsText" time="11.236"/>
  <testcase classname="automationexcercise.HomePage_TC" name="signUpText" time="7.240"/>
  <testcase classname="automationexcercise.HomePage_TC" name="testCasesText" time="4.409"/>
  <testcase classname="automationexcercise.HomePage_TC" name="contactUsText" time="4.520"/>
  <testcase classname="automationexcercise.HomePage_TC" name="testScrollingUp" time="1.335"/>
  <testcase classname="automationexcercise.HomePage_TC" name="responsiveTest" time="25.138"/>
  <testcase classname="automationexcercise.HomePage_TC" name="videoTutorialText" time="22.423"/>
</testsuite> <!-- automationexcercise.HomePage_TC -->
