<?xml version="1.0" encoding="UTF-8"?>
<!-- Generated by org.testng.reporters.JUnitReportReporter -->
<testsuite hostname="DESKTOP-0H66KAI" failures="0" tests="4" name="automationexcercise.ProductDetails" time="10.918" errors="0" timestamp="2025-03-27T02:30:46 IST" skipped="0">
  <testcase classname="automationexcercise.ProductDetails" name="setUp" time="4.809"/>
  <testcase classname="automationexcercise.ProductDetails" name="testproductsText" time="3.623"/>
  <testcase classname="automationexcercise.ProductDetails" name="clickOnProduct" time="2.253"/>
  <testcase classname="automationexcercise.ProductDetails" name="validateProductDetails" time="0.233"/>
</testsuite> <!-- automationexcercise.ProductDetails -->
