<?xml version="1.0" encoding="UTF-8"?>
<!-- Generated by org.testng.reporters.JUnitReportReporter -->
<testsuite hostname="DESKTOP-0H66KAI" failures="0" tests="1" name="automationexcercise.Payment" time="4.926" errors="0" timestamp="2025-03-27T11:10:08 IST" skipped="0">
  <testcase classname="automationexcercise.Payment" name="payment" time="4.926"/>
</testsuite> <!-- automationexcercise.Payment -->
