<?xml version="1.0" encoding="UTF-8"?>
<!-- Generated by org.testng.reporters.JUnitReportReporter -->
<testsuite hostname="DESKTOP-0H66KAI" failures="0" tests="4" name="com.ExtentReportDemo" time="20.862" errors="0" timestamp="2025-03-27T23:35:09 IST" skipped="1">
  <testcase classname="com.ExtentReportDemo" name="validateTitle" time="0.029"/>
  <testcase classname="com.ExtentReportDemo" name="gmailValidate" time="10.488"/>
  <testcase classname="com.ExtentReportDemo" name="loginTest" time="10.342"/>
  <testcase classname="com.ExtentReportDemo" name="skipTest" time="0.003">
    <skipped/>
  </testcase> <!-- skipTest -->
</testsuite> <!-- com.ExtentReportDemo -->
