<?xml version="1.0" encoding="UTF-8"?>
<!-- Generated by org.testng.reporters.JUnitReportReporter -->
<testsuite hostname="DESKTOP-0H66KAI" failures="0" tests="5" name="automationexcercise.User_Registration_TC" time="29.905" errors="0" timestamp="2025-03-27T02:18:20 IST" skipped="0">
  <testcase classname="automationexcercise.User_Registration_TC" name="signUp" time="1.873"/>
  <testcase classname="automationexcercise.User_Registration_TC" name="signUpPositive" time="26.842"/>
  <testcase classname="automationexcercise.User_Registration_TC" name="signUpNegitiveEmpty" time="0.392"/>
  <testcase classname="automationexcercise.User_Registration_TC" name="signUpNegitiveInvalid" time="0.526"/>
  <testcase classname="automationexcercise.User_Registration_TC" name="testScreenshot" time="0.272"/>
</testsuite> <!-- automationexcercise.User_Registration_TC -->
