<?xml version="1.0" encoding="UTF-8"?>
<!-- Generated by org.testng.reporters.JUnitReportReporter -->
<testsuite hostname="DESKTOP-0H66KAI" failures="0" tests="5" name="automationexcercise.User_Login_TC" time="42.201" errors="0" timestamp="2025-03-26T23:42:08 IST" skipped="0">
  <testcase classname="automationexcercise.User_Login_TC" name="signUpText" time="16.225"/>
  <testcase classname="automationexcercise.User_Login_TC" name="loginPositive" time="16.932"/>
  <testcase classname="automationexcercise.User_Login_TC" name="loginEmptyFeilds" time="1.860"/>
  <testcase classname="automationexcercise.User_Login_TC" name="loginInvalidFeilds" time="5.693"/>
  <testcase classname="automationexcercise.User_Login_TC" name="testScreenshot" time="1.491"/>
</testsuite> <!-- automationexcercise.User_Login_TC -->
