<?xml version="1.0" encoding="UTF-8"?>
<!-- Generated by org.testng.reporters.JUnitReportReporter -->
<testsuite hostname="DESKTOP-0H66KAI" failures="0" tests="1" name="automationexcercise.CartCheckout" time="13.511" errors="0" timestamp="2025-03-27T11:00:30 IST" skipped="0">
  <testcase classname="automationexcercise.CartCheckout" name="testCartAndCheckout" time="13.511"/>
</testsuite> <!-- automationexcercise.CartCheckout -->
